<?xml version="1.0" encoding="UTF-8"?>
<!-- Generated by org.testng.reporters.JUnitReportReporter -->
<testsuite hostname="DESKTOP-J5SFQO5" failures="0" tests="9" name="testscripts.CreateBookingTest" time="13.935" errors="0" timestamp="2023-02-22T19:38:26 PST" skipped="6">
  <testcase classname="testscripts.CreateBookingTest" name="createBookingTestWithPOJO" time="3.042"/>
  <system-out/>
  <testcase classname="testscripts.CreateBookingTest" name="partialUpdateBookingIdTest" time="4.818"/>
  <system-out/>
  <testcase classname="testscripts.CreateBookingTest" name="deleteBookingIdTest" time="6.075"/>
  <system-out/>
  <testcase classname="testscripts.CreateBookingTest" name="createBookingTest1">
    <skipped/>
  </testcase> <!-- createBookingTest1 -->
  <system-out/>
  <testcase classname="testscripts.CreateBookingTest" name="createBookingTest">
    <skipped/>
  </testcase> <!-- createBookingTest -->
  <system-out/>
  <testcase classname="testscripts.CreateBookingTest" name="getBookingIdDeserializedTest">
    <skipped/>
  </testcase> <!-- getBookingIdDeserializedTest -->
  <system-out/>
  <testcase classname="testscripts.CreateBookingTest" name="getBookingIdTest">
    <skipped/>
  </testcase> <!-- getBookingIdTest -->
  <system-out/>
  <testcase classname="testscripts.CreateBookingTest" name="updateBookingIdTest">
    <skipped/>
  </testcase> <!-- updateBookingIdTest -->
  <system-out/>
  <testcase classname="testscripts.CreateBookingTest" name="getAllBookingTest">
    <skipped/>
  </testcase> <!-- getAllBookingTest -->
  <system-out/>
</testsuite> <!-- testscripts.CreateBookingTest -->
