<?xml version="1.0" encoding="UTF-8"?>
<!-- Generated by org.testng.reporters.JUnitReportReporter -->
<testsuite hostname="DESKTOP-J5SFQO5" failures="0" tests="2" name="testscripts.DemoTest" time="2.720" errors="0" timestamp="2023-02-22T19:38:26 PST" skipped="0">
  <testcase classname="testscripts.DemoTest" name="phoneNumbersTest" time="1.388"/>
  <system-out/>
  <testcase classname="testscripts.DemoTest" name="phoneNumbersTypeTest" time="1.332"/>
  <system-out/>
</testsuite> <!-- testscripts.DemoTest -->
